============================= test session starts ==============================
platform linux -- Python 3.14.7, pytest-9.0.3, pluggy-1.6.0 -- /usr/bin/python3
cachedir: .pytest_cache
hypothesis profile 'default'
Using --randomly-seed=2512814150
rootdir: /home/black/Documents/pdca-workflow
plugins: timeout-2.4.0, examples-0.0.18, trio-0.8.0, http-snapshot-0.1.9, inline-snapshot-0.32.6, hypothesis-6.165.3, asyncio-1.4.0, anyio-4.14.2, respx-0.23.1, cov-7.1.0, randomly-4.1.0, xdist-3.8.0
asyncio: mode=Mode.STRICT, debug=False, asyncio_default_fixture_loop_scope=None, asyncio_default_test_loop_scope=function
collecting ... collected 9 items

tests/test_pdca_task_consumption.py::test_validate_anchor_ok PASSED      [ 11%]
tests/test_pdca_task_consumption.py::test_anchor_default_points_to_pdca_task PASSED [ 22%]
tests/test_pdca_task_consumption.py::test_anchor_exempt_skips PASSED     [ 33%]
tests/test_pdca_task_consumption.py::test_controlled_node_types_from_ontology PASSED [ 44%]
tests/test_pdca_task_consumption.py::test_node_type_rejected_when_not_in_ontology_vocab PASSED [ 55%]
tests/test_pdca_task_consumption.py::test_validate_anchor_wrong_type PASSED [ 66%]
tests/test_pdca_task_consumption.py::test_controlled_node_types_fallback PASSED [ 77%]
tests/test_pdca_task_consumption.py::test_child_inherits_parent_anchor PASSED [ 88%]
tests/test_pdca_task_consumption.py::test_validate_anchor_missing PASSED [100%]

============================== 9 passed in 0.41s ===============================
