============================= test session starts ==============================
platform linux -- Python 3.14.7, pytest-9.0.3, pluggy-1.6.0 -- /usr/bin/python3
cachedir: .pytest_cache
hypothesis profile 'default'
Using --randomly-seed=680352367
rootdir: /home/black/Documents/pdca-workflow
plugins: timeout-2.4.0, examples-0.0.18, trio-0.8.0, http-snapshot-0.1.9, inline-snapshot-0.32.6, hypothesis-6.165.3, asyncio-1.4.0, anyio-4.14.2, respx-0.23.1, cov-7.1.0, randomly-4.1.0, xdist-3.8.0
asyncio: mode=Mode.STRICT, debug=False, asyncio_default_fixture_loop_scope=None, asyncio_default_test_loop_scope=function
collecting ... collected 17 items

tests/test_task_identity.py::TaskIdentityCliTest::test_failed_write_rolls_back_partial_files PASSED [  5%]
tests/test_task_identity.py::TaskIdentityCliTest::test_create_invalid_ontology_node_type_rejected PASSED [ 11%]
tests/test_task_identity.py::TaskIdentityCliTest::test_setting_an_inconsistent_record_is_rejected PASSED [ 17%]
tests/test_task_identity.py::TaskIdentityCliTest::test_concurrent_create_keeps_task_ids_unique PASSED [ 23%]
tests/test_task_identity.py::TaskIdentityCliTest::test_duplicate_slug_is_rejected_without_regression PASSED [ 29%]
tests/test_task_identity.py::TaskIdentityCliTest::test_create_task_assigns_unique_id_and_immutable_record_directory PASSED [ 35%]
tests/test_task_identity.py::TaskIdentityCliTest::test_create_ontology_fragment_missing_dir_rejected PASSED [ 41%]
tests/test_task_identity.py::TaskIdentityCliTest::test_create_task_accepts_explicit_convergence PASSED [ 47%]
tests/test_task_identity.py::TaskIdentityCliTest::test_create_inherits_parent_ontology_meta PASSED [ 52%]
tests/test_task_identity.py::TaskIdentityCliTest::test_default_prd_has_ontology_section PASSED [ 58%]
tests/test_task_identity.py::TaskIdentityCliTest::test_create_ontology_fragment_valid_dir_accepted PASSED [ 64%]
tests/test_task_identity.py::TaskIdentityCliTest::test_create_task_defaults_convergence_to_identity_invariant PASSED [ 70%]
tests/test_task_identity.py::TaskIdentityCliTest::test_create_with_ontology_node_type_writes_meta PASSED [ 76%]
tests/test_ontology_clash.py::OntologyClashCheckTest::test_clash_detected_for_date_prefixed_slug PASSED [ 82%]
tests/test_ontology_clash.py::OntologyClashCheckTest::test_clash_detected_for_existing_node PASSED [ 88%]
tests/test_ontology_clash.py::OntologyClashCheckTest::test_cli_reports_clash PASSED [ 94%]
tests/test_prd_template_ontology_section.py::test_spec_template_has_ontology_node_section PASSED [100%]

============================== 17 passed in 3.26s ==============================
