============================= test session starts ==============================
platform linux -- Python 3.14.7, pytest-9.0.3, pluggy-1.6.0 -- /usr/bin/python3
cachedir: .pytest_cache
hypothesis profile 'default'
Using --randomly-seed=1530741052
rootdir: /home/black/Documents/pdca-workflow
plugins: timeout-2.4.0, examples-0.0.18, trio-0.8.0, http-snapshot-0.1.9, inline-snapshot-0.32.6, hypothesis-6.165.3, asyncio-1.4.0, anyio-4.14.2, respx-0.23.1, cov-7.1.0, randomly-4.1.0, xdist-3.8.0
asyncio: mode=Mode.STRICT, debug=False, asyncio_default_fixture_loop_scope=None, asyncio_default_test_loop_scope=function
collecting ... collected 8 items

tests/test_to_tickets_tree_split.py::test_to_tickets_skill_mentions_tree_split PASSED [ 12%]
tests/test_to_tickets_tree_split.py::test_generate_triggered_on_map_declaration PASSED [ 25%]
tests/test_to_tickets_tree_split.py::test_spec_template_has_split_map_section PASSED [ 37%]
tests/test_ontology_tree_split.py::test_missing_node_raises PASSED       [ 50%]
tests/test_ontology_tree_split.py::test_leaf_node_single_candidate PASSED [ 62%]
tests/test_ontology_tree_split.py::test_cycle_raises PASSED              [ 75%]
tests/test_ontology_tree_split.py::test_empty_map_raises PASSED          [ 87%]
tests/test_ontology_tree_split.py::test_generate_builds_wbs_with_node_type_and_deps PASSED [100%]

============================== 8 passed in 0.11s ===============================
